2024-11-30 15:57 - INFO - help
2024-11-30 15:57 - INFO - sdfgd
2024-11-30 15:57 - ERROR - Invalid command entered
2024-11-30 15:59 - INFO - & C:/Users/chrca/anaconda3/python.exe "c:/Users/chrca/Documents/CMPS 340/CS340_F_24_Event_Horizon/CS340_F_24_Event_Horizon/main.py"
2024-11-30 15:59 - ERROR - Invalid command entered
2024-11-30 15:59 - INFO - help
2024-11-30 15:59 - INFO - exit 
2024-11-30 15:59 - ERROR - Invalid command entered
2024-11-30 15:59 - INFO - exit
2024-11-30 15:59 - INFO - help
2024-11-30 15:59 - INFO - print
2024-11-30 15:59 - INFO - print unshaped
2024-11-30 15:59 - INFO - print rows
2024-11-30 16:00 - INFO - print columns
2024-11-30 16:00 - INFO - filter rows
2024-11-30 16:00 - INFO - print
2024-11-30 16:00 - INFO - print columns
2024-11-30 16:00 - INFO - exit
2024-11-30 19:52 - INFO - no
2024-11-30 19:52 - ERROR - Invalid command entered
2024-11-30 19:52 - INFO - exit
2024-11-30 19:55 - INFO - exit
2024-11-30 19:55 - INFO - exit
2024-11-30 19:55 - INFO - help
2024-11-30 19:55 - INFO - close
2024-11-30 19:55 - ERROR - Invalid command entered
2024-11-30 19:55 - INFO - exit
2024-11-30 19:56 - INFO - exit
2024-11-30 19:57 - INFO - exit
2024-11-30 19:58 - INFO - exit
2024-11-30 19:58 - INFO - exit
2024-11-30 19:58 - INFO - command parsing
2024-11-30 19:58 - INFO - hello?
2024-11-30 19:58 - INFO - help
2024-11-30 19:58 - INFO - exit
2024-11-30 20:01 - INFO - help
2024-11-30 20:01 - INFO - exit
2024-11-30 20:01 - INFO - help
2024-11-30 20:01 - INFO - exit
2024-11-30 20:11 - INFO - datatype
2024-11-30 20:11 - INFO - print
2024-11-30 20:11 - INFO - datatype
2024-11-30 20:11 - INFO - switch
2024-11-30 20:12 - INFO - csv
2024-11-30 20:12 - INFO - test
2024-11-30 20:12 - INFO - test
2024-11-30 20:12 - INFO - test
2024-11-30 20:19 - INFO - e
2024-11-30 20:19 - INFO - tet
2024-11-30 20:19 - ERROR - Invalid command entered
2024-11-30 20:20 - INFO - help
2024-11-30 20:20 - INFO - help help
2024-11-30 20:20 - INFO - help exit
2024-11-30 20:20 - INFO - print
2024-11-30 20:20 - INFO - switch
2024-11-30 20:20 - INFO - print
2024-11-30 20:20 - INFO - switch
2024-11-30 20:20 - INFO - export
2024-11-30 20:20 - INFO - test
2024-11-30 20:20 - ERROR - Invalid command entered
2024-11-30 20:20 - INFO - e
2024-11-30 20:22 - INFO - query
2024-11-30 20:22 - ERROR - Invalid command entered
2024-11-30 20:22 - INFO - print query
2024-11-30 20:22 - INFO - print query
2024-11-30 20:22 - ERROR - Invalid query.
2024-11-30 20:23 - INFO - print query
2024-11-30 20:24 - INFO - print query
2024-11-30 20:24 - ERROR - Syntax error. What in the world happened??
2024-11-30 20:24 - INFO - print query
2024-11-30 20:24 - ERROR - Syntax error. What in the world happened??
2024-11-30 20:24 - INFO - exit
2024-11-30 20:24 - INFO - filter query
2024-11-30 20:24 - ERROR - Syntax error. What in the world happened??
2024-11-30 20:25 - INFO - filter query
2024-11-30 20:25 - INFO - print
2024-11-30 20:27 - INFO - print query
2024-11-30 20:27 - ERROR - Syntax error. What in the world happened??
2024-11-30 20:27 - INFO - exit
2024-11-30 20:36 - INFO - pickle
2024-11-30 20:36 - INFO - print
2024-11-30 20:36 - ERROR - Invalid command entered
2024-11-30 20:36 - INFO - first
2024-11-30 20:36 - INFO - pickle
2024-11-30 20:36 - INFO - first
2024-11-30 20:36 - INFO - first first
2024-11-30 20:36 - INFO - first second
2024-11-30 20:36 - INFO - second
2024-11-30 20:36 - INFO - asdf
2024-11-30 20:36 - ERROR - Invalid command entered
2024-11-30 20:36 - INFO - asdf
2024-11-30 20:36 - ERROR - Invalid command entered
2024-11-30 20:36 - INFO - asdf
2024-11-30 20:36 - ERROR - Invalid command entered
2024-11-30 20:36 - INFO - asdf
2024-11-30 20:36 - ERROR - Invalid command entered
2024-11-30 20:36 - INFO - switch
2024-11-30 20:36 - INFO - print
2024-11-30 20:36 - INFO - switch
2024-11-30 20:36 - INFO - e
2024-11-30 20:39 - INFO - help
2024-11-30 20:39 - INFO - switch
2024-11-30 20:39 - INFO - help
2024-11-30 20:39 - INFO - switch
2024-11-30 20:39 - INFO - help
2024-11-30 20:39 - INFO - e
2024-11-30 20:45 - INFO - print asdf
2024-11-30 20:45 - ERROR - Invalid command entered
2024-11-30 20:45 - INFO - print e
2024-11-30 20:45 - ERROR - Invalid command entered
2024-11-30 20:45 - INFO - exxx
2024-11-30 20:45 - INFO - print asdf
2024-11-30 20:45 - ERROR - Invalid command entered
2024-11-30 20:45 - INFO - print error
2024-11-30 20:45 - ERROR - Invalid command entered
2024-11-30 20:45 - INFO - print
2024-11-30 20:45 - INFO - switch
2024-11-30 20:45 - INFO - pickle
2024-11-30 20:45 - INFO - first asdf
2024-11-30 20:45 - ERROR - Invalid command entered
2024-11-30 20:45 - INFO - e
2024-11-30 20:58 - INFO - print
2024-11-30 20:59 - INFO - & C:/Users/babri/anaconda3/python.exe "c:/Users/babri/OneDrive/Documents/CMPS 3400 Final Project/CS340_F_24_Event_Horizon/pickle_module.py"
2024-11-30 20:59 - ERROR - Invalid command entered
2024-11-30 20:59 - INFO - exit
